0 info it worked if it ends with ok
1 verbose cli [ '/usr/bin/nodejs', '/usr/bin/npm', 'build', 'dev' ]
2 info using npm@3.10.10
3 info using node@v6.10.3
4 info build /home/vinothpandian/FITcoin/dev
5 verbose stack Error: ENOENT: no such file or directory, open '/home/vinothpandian/FITcoin/dev/package.json'
5 verbose stack     at Error (native)
6 verbose cwd /home/vinothpandian/FITcoin
7 error Linux 4.8.0-49-generic
8 error argv "/usr/bin/nodejs" "/usr/bin/npm" "build" "dev"
9 error node v6.10.3
10 error npm  v3.10.10
11 error path /home/vinothpandian/FITcoin/dev/package.json
12 error code ENOENT
13 error errno -2
14 error syscall open
15 error enoent ENOENT: no such file or directory, open '/home/vinothpandian/FITcoin/dev/package.json'
16 error enoent ENOENT: no such file or directory, open '/home/vinothpandian/FITcoin/dev/package.json'
16 error enoent This is most likely not a problem with npm itself
16 error enoent and is related to npm not being able to find a file.
17 verbose exit [ -2, true ]
